<html>
<head>
<title>TestNG:  Surefire test</title>
<link href="../testng.css" rel="stylesheet" type="text/css" />
<link href="../my-testng.css" rel="stylesheet" type="text/css" />

<style type="text/css">
.log { display: none;} 
.stack-trace { display: none;} 
</style>
<script type="text/javascript">
<!--
function flip(e) {
  current = e.style.display;
  if (current == 'block') {
    e.style.display = 'none';
    return 0;
  }
  else {
    e.style.display = 'block';
    return 1;
  }
}

function toggleBox(szDivId, elem, msg1, msg2)
{
  var res = -1;  if (document.getElementById) {
    res = flip(document.getElementById(szDivId));
  }
  else if (document.all) {
    // this is the way old msie versions work
    res = flip(document.all[szDivId]);
  }
  if(elem) {
    if(res == 0) elem.innerHTML = msg1; else elem.innerHTML = msg2;
  }

}

function toggleAllBoxes() {
  if (document.getElementsByTagName) {
    d = document.getElementsByTagName('div');
    for (i = 0; i < d.length; i++) {
      if (d[i].className == 'log') {
        flip(d[i]);
      }
    }
  }
}

// -->
</script>

</head>
<body>
<h2 align='center'>Surefire test</h2><table border='1' align="center">
<tr>
<td>Tests passed/Failed/Skipped:</td><td>5/3/0</td>
</tr><tr>
<td>Started on:</td><td>Wed Apr 23 13:14:04 IST 2025</td>
</tr>
<tr><td>Total time:</td><td>75 seconds (75536 ms)</td>
</tr><tr>
<td>Included groups:</td><td></td>
</tr><tr>
<td>Excluded groups:</td><td></td>
</tr>
</table><p/>
<small><i>(Hover the method name to see the test class name)</i></small><p/>
<table width='100%' border='1' class='invocation-failed'>
<tr><td colspan='4' align='center'><b>FAILED TESTS</b></td></tr>
<tr><td><b>Test method</b></td>
<td><b>Attribute(s)</b></td>
<td width="30%"><b>Exception</b></td>
<td width="10%"><b>Time (seconds)</b></td>
<td><b>Instance</b></td>
</tr>
<tr>
<td title='runners.UIRunnerTest.runScenario()'><b>runScenario</b><br>Test class: runners.UIRunnerTest<br>Test method: Runs Cucumber Scenarios<br>Parameters: "Verify whether the account is blocked after 3 invalid attempts", "Verify the sign in of the user"</td>
<td><div><pre>java.lang.AssertionError: expected [Incorrect email or password. Try again or create an account.] but found [Your account is temporarily locked due to multiple failed login attempts. Please try again later.]
	at stepDefinitions.ui.CommonSteps.verifyTheErrorMessage(CommonSteps.java:47)
	at ✽.the page will display the error &quot;Incorrect email or password. Try again or create an account.&quot; message(file:///C:/Users/gantagari_sushma/Desktop/projec/automation-qa/restaurant-app-testing/src/test/resources/features/ui/signIn.feature:40)
... Removed 6 stack frames</pre></div><a href='#' onClick='toggleBox("stack-trace1854053968", this, "Click to show all stack frames", "Click to hide stack frames")'>Click to show all stack frames</a>
<div class='stack-trace' id='stack-trace1854053968'><pre>java.lang.AssertionError: expected [Incorrect email or password. Try again or create an account.] but found [Your account is temporarily locked due to multiple failed login attempts. Please try again later.]
	at org.testng.Assert.fail(Assert.java:111)
	at org.testng.Assert.failNotEquals(Assert.java:1578)
	at org.testng.Assert.assertEqualsImpl(Assert.java:150)
	at org.testng.Assert.assertEquals(Assert.java:132)
	at org.testng.Assert.assertEquals(Assert.java:656)
	at org.testng.Assert.assertEquals(Assert.java:666)
	at stepDefinitions.ui.CommonSteps.verifyTheErrorMessage(CommonSteps.java:47)
	at ✽.the page will display the error &quot;Incorrect email or password. Try again or create an account.&quot; message(file:///C:/Users/gantagari_sushma/Desktop/projec/automation-qa/restaurant-app-testing/src/test/resources/features/ui/signIn.feature:40)
</pre></div></td>
<td>8</td>
<td>runners.UIRunnerTest@4a83a74a</td></tr>
<tr>
<td title='runners.UIRunnerTest.runScenario()'><b>runScenario</b><br>Test class: runners.UIRunnerTest<br>Test method: Runs Cucumber Scenarios<br>Parameters: "Verify whether the account is blocked after 3 invalid attempts", "Verify the sign in of the user"</td>
<td><div><pre>java.lang.AssertionError: expected [Incorrect email or password. Try again or create an account.] but found [Your account is temporarily locked due to multiple failed login attempts. Please try again later.]
	at stepDefinitions.ui.CommonSteps.verifyTheErrorMessage(CommonSteps.java:47)
	at ✽.the page will display the error &quot;Incorrect email or password. Try again or create an account.&quot; message(file:///C:/Users/gantagari_sushma/Desktop/projec/automation-qa/restaurant-app-testing/src/test/resources/features/ui/signIn.feature:40)
... Removed 6 stack frames</pre></div><a href='#' onClick='toggleBox("stack-trace1167068004", this, "Click to show all stack frames", "Click to hide stack frames")'>Click to show all stack frames</a>
<div class='stack-trace' id='stack-trace1167068004'><pre>java.lang.AssertionError: expected [Incorrect email or password. Try again or create an account.] but found [Your account is temporarily locked due to multiple failed login attempts. Please try again later.]
	at org.testng.Assert.fail(Assert.java:111)
	at org.testng.Assert.failNotEquals(Assert.java:1578)
	at org.testng.Assert.assertEqualsImpl(Assert.java:150)
	at org.testng.Assert.assertEquals(Assert.java:132)
	at org.testng.Assert.assertEquals(Assert.java:656)
	at org.testng.Assert.assertEquals(Assert.java:666)
	at stepDefinitions.ui.CommonSteps.verifyTheErrorMessage(CommonSteps.java:47)
	at ✽.the page will display the error &quot;Incorrect email or password. Try again or create an account.&quot; message(file:///C:/Users/gantagari_sushma/Desktop/projec/automation-qa/restaurant-app-testing/src/test/resources/features/ui/signIn.feature:40)
</pre></div></td>
<td>11</td>
<td>runners.UIRunnerTest@4a83a74a</td></tr>
<tr>
<td title='runners.UIRunnerTest.runScenario()'><b>runScenario</b><br>Test class: runners.UIRunnerTest<br>Test method: Runs Cucumber Scenarios<br>Parameters: "Verify whether the account is blocked after 3 invalid attempts", "Verify the sign in of the user"</td>
<td><div><pre>java.lang.AssertionError: expected [Incorrect email or password. Try again or create an account.] but found [Your account is temporarily locked due to multiple failed login attempts. Please try again later.]
	at stepDefinitions.ui.CommonSteps.verifyTheErrorMessage(CommonSteps.java:47)
	at ✽.the page will display the error &quot;Incorrect email or password. Try again or create an account.&quot; message(file:///C:/Users/gantagari_sushma/Desktop/projec/automation-qa/restaurant-app-testing/src/test/resources/features/ui/signIn.feature:40)
... Removed 6 stack frames</pre></div><a href='#' onClick='toggleBox("stack-trace1737135382", this, "Click to show all stack frames", "Click to hide stack frames")'>Click to show all stack frames</a>
<div class='stack-trace' id='stack-trace1737135382'><pre>java.lang.AssertionError: expected [Incorrect email or password. Try again or create an account.] but found [Your account is temporarily locked due to multiple failed login attempts. Please try again later.]
	at org.testng.Assert.fail(Assert.java:111)
	at org.testng.Assert.failNotEquals(Assert.java:1578)
	at org.testng.Assert.assertEqualsImpl(Assert.java:150)
	at org.testng.Assert.assertEquals(Assert.java:132)
	at org.testng.Assert.assertEquals(Assert.java:656)
	at org.testng.Assert.assertEquals(Assert.java:666)
	at stepDefinitions.ui.CommonSteps.verifyTheErrorMessage(CommonSteps.java:47)
	at ✽.the page will display the error &quot;Incorrect email or password. Try again or create an account.&quot; message(file:///C:/Users/gantagari_sushma/Desktop/projec/automation-qa/restaurant-app-testing/src/test/resources/features/ui/signIn.feature:40)
</pre></div></td>
<td>14</td>
<td>runners.UIRunnerTest@4a83a74a</td></tr>
</table><p>
<table width='100%' border='1' class='invocation-passed'>
<tr><td colspan='4' align='center'><b>PASSED TESTS</b></td></tr>
<tr><td><b>Test method</b></td>
<td><b>Attribute(s)</b></td>
<td width="30%"><b>Exception</b></td>
<td width="10%"><b>Time (seconds)</b></td>
<td><b>Instance</b></td>
</tr>
<tr>
<td title='runners.UIRunnerTest.runScenario()'><b>runScenario</b><br>Test class: runners.UIRunnerTest<br>Test method: Runs Cucumber Scenarios<br>Parameters: "Verify unregistered user cannot sign in into the application", "Verify the sign in of the user"</td>
<td></td>
<td>8</td>
<td>runners.UIRunnerTest@4a83a74a</td></tr>
<tr>
<td title='runners.UIRunnerTest.runScenario()'><b>runScenario</b><br>Test class: runners.UIRunnerTest<br>Test method: Runs Cucumber Scenarios<br>Parameters: "Verify missing credentials", "Verify the sign in of the user"</td>
<td></td>
<td>7</td>
<td>runners.UIRunnerTest@4a83a74a</td></tr>
<tr>
<td title='runners.UIRunnerTest.runScenario()'><b>runScenario</b><br>Test class: runners.UIRunnerTest<br>Test method: Runs Cucumber Scenarios<br>Parameters: "Verify successful login with valid data", "Verify the sign in of the user"</td>
<td></td>
<td>9</td>
<td>runners.UIRunnerTest@4a83a74a</td></tr>
<tr>
<td title='runners.UIRunnerTest.runScenario()'><b>runScenario</b><br>Test class: runners.UIRunnerTest<br>Test method: Runs Cucumber Scenarios<br>Parameters: "Verify missing credentials", "Verify the sign in of the user"</td>
<td></td>
<td>6</td>
<td>runners.UIRunnerTest@4a83a74a</td></tr>
<tr>
<td title='runners.UIRunnerTest.runScenario()'><b>runScenario</b><br>Test class: runners.UIRunnerTest<br>Test method: Runs Cucumber Scenarios<br>Parameters: "Verify whether the account is blocked after 3 invalid attempts", "Verify the sign in of the user"</td>
<td></td>
<td>8</td>
<td>runners.UIRunnerTest@4a83a74a</td></tr>
</table><p>
</body>
</html>